2026-06-23 04:24:02,537 INFO: : database.execute_sqlcommand - SELECT current_database() as current_database,
current_user as curre...
2026-06-23 04:25:02,475 INFO: : database.execute_sqlcommand - SELECT current_database() as current_database,
current_user as curre...
2026-06-23 04:26:50,782 INFO: : database.execute_sqlcommand - SELECT current_database() as current_database,
current_user as curre...
2026-06-23 04:27:16,297 INFO: : database.execute_sqlcommand - SELECT current_database() as current_database,
current_user as curre...
2026-06-23 04:29:37,979 INFO: : database.execute_sqlcommand - SELECT current_database() as current_database,
current_user as curre...
2026-06-23 04:29:37,982 INFO: cassiopeiadb: database.connect - connected to cassiopeiadb database
2026-06-23 04:29:37,982 INFO: cassiopeiadb: database.connect - ------------- connection details -------------
database_connection = cassiopeia
database = postgresql
host:port = 192.168.56.1:5432
database_name = cassiopeiadb
username = cassiopeia
2026-06-23 04:29:37,985 INFO: cassiopeiadb: database.schema_set - SET search_path TO dbadm
2026-06-23 04:29:37,985 INFO: cassiopeiadb: database.close - close database cassiopeiadb
2026-06-23 04:31:03,795 INFO: : database.execute_sqlcommand - SELECT current_database() as current_database,
current_user as curre...
2026-06-23 04:31:49,838 INFO: : database.execute_sqlcommand - SELECT current_database() as current_database,
current_user as curre...
2026-06-23 04:32:45,356 INFO: : database.execute_sqlcommand - SELECT current_database() as current_database,
current_user as curre...
2026-06-23 04:40:49,754 ERROR: : database.sys_database_info_get [72] - cannot access local variable 'cur' where it is not associated with a value
2026-06-23 04:44:29,785 ERROR: : database.sys_database_info_get [72] - cannot access local variable 'cur' where it is not associated with a value
2026-06-23 04:44:53,544 ERROR: : database.sys_database_info_get [72] - cannot access local variable 'cur' where it is not associated with a value
2026-06-23 04:46:45,472 ERROR: : database.sys_database_info_get [72] - cannot access local variable 'cur' where it is not associated with a value
2026-06-23 04:47:56,499 INFO: : database.execute_sqlcommand - SELECT current_database() as current_database,
current_user as curre...
2026-06-23 04:47:56,503 INFO: cassiopeiadb: database.connect - connected to cassiopeiadb database
2026-06-23 04:47:56,504 INFO: cassiopeiadb: database.connect - ------------- connection details -------------
database_connection = cassiopeia
database = postgresql
host:port = 192.168.56.1:5432
database_name = cassiopeiadb
username = cassiopeia
2026-06-23 04:47:56,506 INFO: cassiopeiadb: database.schema_set - SET search_path TO dbadm
2026-06-23 04:47:56,506 INFO: cassiopeiadb: database.close - close database cassiopeiadb
